<?xml version="1.0" encoding="UTF-8"?>
<!-- Generated by org.testng.reporters.JUnitReportReporter -->
<testsuite skipped="0" hostname="OJAS-DD282" name="OrHR.OrHR.OrHrTest" tests="2" failures="0" timestamp="15 Mar 2021 09:34:03 GMT" time="8.597" errors="0">
  <testcase name="test2" time="8.319" classname="OrHR.OrHR.OrHrTest"/>
  <testcase name="test3" time="0.278" classname="OrHR.OrHR.OrHrTest"/>
</testsuite> <!-- OrHR.OrHR.OrHrTest -->
